app/build/outputs/logs/manifest-merger-debug-report.txt
-- Merging decision tree log ---
manifest
ADDED from src/main/AndroidManifest.xml:2:1-90:12
	package
		ADDED from src/main/AndroidManifest.xml:3:5-60
		INJECTED from src/main/AndroidManifest.xml
		INJECTED from src/main/AndroidManifest.xml
	android:versionName
		INJECTED from src/main/AndroidManifest.xml
		INJECTED from src/main/AndroidManifest.xml
	xmlns:android
		ADDED from src/main/AndroidManifest.xml:2:11-69
	android:versionCode
		INJECTED from src/main/AndroidManifest.xml
		INJECTED from src/main/AndroidManifest.xml
uses-permission#android.permission.INTERNET
ADDED from src/main/AndroidManifest.xml:5:5-67
	android:name
		ADDED from src/main/AndroidManifest.xml:5:22-64
uses-permission#android.permission.ACCESS_NETWORK_STATE
ADDED from src/main/AndroidManifest.xml:6:5-79
	android:name
		ADDED from src/main/AndroidManifest.xml:6:22-76
uses-permission-sdk-23
ADDED from src/main/AndroidManifest.xml:8:5-74
	android:name
		ADDED from src/main/AndroidManifest.xml:8:29-71
uses-permission#android.permission.VIBRATE
ADDED from src/main/AndroidManifest.xml:11:5-66
	android:name
		ADDED from src/main/AndroidManifest.xml:11:22-63
uses-permission#android.permission.SYSTEM_ALERT_WINDOW
ADDED from src/main/AndroidManifest.xml:12:5-78
MERGED from [ParlorBeacon-Shop-master:Achievement:unspecified] AndroidManifest.xml:11:5-78
	android:name
		ADDED from src/main/AndroidManifest.xml:12:22-75
application
ADDED from src/main/AndroidManifest.xml:14:5-88:19
MERGED from [com.android.support:design:23.1.1] AndroidManifest.xml:22:5-20
MERGED from [com.android.support:appcompat-v7:23.1.1] AndroidManifest.xml:22:5-20
MERGED from [com.android.support:support-v4:23.1.1] AndroidManifest.xml:22:5-20
MERGED from [de.hdodenhof:circleimageview:1.3.0] AndroidManifest.xml:9:5-20
MERGED from [com.github.medyo:fancybuttons:1.5] AndroidManifest.xml:11:5-20
MERGED from [ParlorBeacon-Shop-master:TextSurface:unspecified] AndroidManifest.xml:11:5-14:19
MERGED from [ParlorBeacon-Shop-master:robototextview:unspecified] AndroidManifest.xml:8:5-20
	android:label
		ADDED from src/main/AndroidManifest.xml:17:9-41
	android:supportsRtl
		ADDED from src/main/AndroidManifest.xml:18:9-35
	android:allowBackup
		ADDED from src/main/AndroidManifest.xml:15:9-35
	android:icon
		ADDED from src/main/AndroidManifest.xml:16:9-43
	android:theme
		ADDED from src/main/AndroidManifest.xml:19:9-40
activity#com.springboardtechsolutions.parlorbeaconshop.MainActivity
ADDED from src/main/AndroidManifest.xml:20:9-28:20
	android:label
		ADDED from src/main/AndroidManifest.xml:22:13-42
	android:name
		ADDED from src/main/AndroidManifest.xml:21:13-41
intent-filter#android.intent.action.MAIN+android.intent.category.LAUNCHER
ADDED from src/main/AndroidManifest.xml:23:13-27:29
action#android.intent.action.MAIN
ADDED from src/main/AndroidManifest.xml:24:17-69
	android:name
		ADDED from src/main/AndroidManifest.xml:24:25-66
category#android.intent.category.LAUNCHER
ADDED from src/main/AndroidManifest.xml:26:17-77
	android:name
		ADDED from src/main/AndroidManifest.xml:26:27-74
activity#com.springboardtechsolutions.parlorbeaconshop.LoginShop
ADDED from src/main/AndroidManifest.xml:29:9-32:59
	android:label
		ADDED from src/main/AndroidManifest.xml:31:13-34
	android:theme
		ADDED from src/main/AndroidManifest.xml:32:13-56
	android:name
		ADDED from src/main/AndroidManifest.xml:30:13-38
activity#com.springboardtechsolutions.parlorbeaconshop.SignUpShop
ADDED from src/main/AndroidManifest.xml:33:9-35:39
	android:label
		ADDED from src/main/AndroidManifest.xml:35:13-36
	android:name
		ADDED from src/main/AndroidManifest.xml:34:13-39
activity#com.springboardtechsolutions.parlorbeaconshop.Forgot
ADDED from src/main/AndroidManifest.xml:36:9-38:46
	android:label
		ADDED from src/main/AndroidManifest.xml:38:13-43
	android:name
		ADDED from src/main/AndroidManifest.xml:37:13-35
activity#com.springboardtechsolutions.parlorbeaconshop.Forgot_Text
ADDED from src/main/AndroidManifest.xml:39:9-41:42
	android:label
		ADDED from src/main/AndroidManifest.xml:41:13-39
	android:name
		ADDED from src/main/AndroidManifest.xml:40:13-40
activity#com.springboardtechsolutions.parlorbeaconshop.UpcomingFeatures
ADDED from src/main/AndroidManifest.xml:42:9-44:49
	android:label
		ADDED from src/main/AndroidManifest.xml:44:13-46
	android:name
		ADDED from src/main/AndroidManifest.xml:43:13-45
activity#com.springboardtechsolutions.parlorbeaconshop.MS_Shop
ADDED from src/main/AndroidManifest.xml:45:9-48:59
	android:label
		ADDED from src/main/AndroidManifest.xml:47:13-60
	android:theme
		ADDED from src/main/AndroidManifest.xml:48:13-56
	android:name
		ADDED from src/main/AndroidManifest.xml:46:13-36
activity#com.springboardtechsolutions.parlorbeaconshop.Detail_Shop
ADDED from src/main/AndroidManifest.xml:49:9-52:59
	android:label
		ADDED from src/main/AndroidManifest.xml:51:13-64
	android:theme
		ADDED from src/main/AndroidManifest.xml:52:13-56
	android:name
		ADDED from src/main/AndroidManifest.xml:50:13-40
activity#com.springboardtechsolutions.parlorbeaconshop.Edit_Detail_Shop
ADDED from src/main/AndroidManifest.xml:53:9-55:44
	android:label
		ADDED from src/main/AndroidManifest.xml:55:13-41
	android:name
		ADDED from src/main/AndroidManifest.xml:54:13-45
activity#com.springboardtechsolutions.parlorbeaconshop.Employee_Shop
ADDED from src/main/AndroidManifest.xml:56:9-59:59
	android:label
		ADDED from src/main/AndroidManifest.xml:58:13-66
	android:theme
		ADDED from src/main/AndroidManifest.xml:59:13-56
	android:name
		ADDED from src/main/AndroidManifest.xml:57:13-42
activity#com.springboardtechsolutions.parlorbeaconshop.Booking_Shop
ADDED from src/main/AndroidManifest.xml:60:9-63:59
	android:label
		ADDED from src/main/AndroidManifest.xml:62:13-65
	android:theme
		ADDED from src/main/AndroidManifest.xml:63:13-56
	android:name
		ADDED from src/main/AndroidManifest.xml:61:13-41
activity#com.springboardtechsolutions.parlorbeaconshop.Add_Employee
ADDED from src/main/AndroidManifest.xml:64:9-66:44
	android:label
		ADDED from src/main/AndroidManifest.xml:66:13-41
	android:name
		ADDED from src/main/AndroidManifest.xml:65:13-41
activity#com.springboardtechsolutions.parlorbeaconshop.MyShop
ADDED from src/main/AndroidManifest.xml:67:9-70:59
	android:label
		ADDED from src/main/AndroidManifest.xml:69:13-59
	android:theme
		ADDED from src/main/AndroidManifest.xml:70:13-56
	android:name
		ADDED from src/main/AndroidManifest.xml:68:13-35
activity#com.springboardtechsolutions.parlorbeaconshop.Pictures_See
ADDED from src/main/AndroidManifest.xml:71:9-50
	android:name
		ADDED from src/main/AndroidManifest.xml:71:19-47
activity#com.springboardtechsolutions.parlorbeaconshop.About_Us
ADDED from src/main/AndroidManifest.xml:72:9-75:59
	android:label
		ADDED from src/main/AndroidManifest.xml:74:13-61
	android:theme
		ADDED from src/main/AndroidManifest.xml:75:13-56
	android:name
		ADDED from src/main/AndroidManifest.xml:73:13-37
activity#com.springboardtechsolutions.parlorbeaconshop.ContactUs
ADDED from src/main/AndroidManifest.xml:76:9-79:59
	android:label
		ADDED from src/main/AndroidManifest.xml:78:13-62
	android:theme
		ADDED from src/main/AndroidManifest.xml:79:13-56
	android:name
		ADDED from src/main/AndroidManifest.xml:77:13-38
activity#com.springboardtechsolutions.parlorbeaconshop.Reset_Password
ADDED from src/main/AndroidManifest.xml:80:9-52
	android:name
		ADDED from src/main/AndroidManifest.xml:80:19-49
activity#com.springboardtechsolutions.parlorbeaconshop.RegistrationVerification
ADDED from src/main/AndroidManifest.xml:81:9-62
	android:name
		ADDED from src/main/AndroidManifest.xml:81:19-59
activity#com.springboardtechsolutions.parlorbeaconshop.Service
ADDED from src/main/AndroidManifest.xml:82:9-85:59
	android:label
		ADDED from src/main/AndroidManifest.xml:84:13-59
	android:theme
		ADDED from src/main/AndroidManifest.xml:85:13-56
	android:name
		ADDED from src/main/AndroidManifest.xml:83:13-36
activity#com.springboardtechsolutions.parlorbeaconshop.AddServices
ADDED from src/main/AndroidManifest.xml:86:9-48
	android:name
		ADDED from src/main/AndroidManifest.xml:86:19-46
activity#com.springboardtechsolutions.parlorbeaconshop.CookieThumper
ADDED from src/main/AndroidManifest.xml:87:9-50
	android:name
		ADDED from src/main/AndroidManifest.xml:87:19-48
uses-sdk
INJECTED from src/main/AndroidManifest.xml reason: use-sdk injection requested
MERGED from [com.android.support:design:23.1.1] AndroidManifest.xml:20:5-43
MERGED from [com.android.support:appcompat-v7:23.1.1] AndroidManifest.xml:20:5-43
MERGED from [com.android.support:support-v4:23.1.1] AndroidManifest.xml:20:5-43
MERGED from [com.android.support:recyclerview-v7:23.1.1] AndroidManifest.xml:20:5-43
MERGED from [de.hdodenhof:circleimageview:1.3.0] AndroidManifest.xml:5:5-7:41
MERGED from [com.github.medyo:fancybuttons:1.5] AndroidManifest.xml:7:5-9:41
MERGED from [ParlorBeacon-Shop-master:Achievement:unspecified] AndroidManifest.xml:7:5-9:41
MERGED from [ParlorBeacon-Shop-master:TextSurface:unspecified] AndroidManifest.xml:7:5-9:41
MERGED from [ParlorBeacon-Shop-master:robototextview:unspecified] AndroidManifest.xml:6:5-44
	android:targetSdkVersion
		INJECTED from src/main/AndroidManifest.xml
		INJECTED from src/main/AndroidManifest.xml
	android:minSdkVersion
		INJECTED from src/main/AndroidManifest.xml
		INJECTED from src/main/AndroidManifest.xml